
arch/arm/mach-sunxi/power/brom/resumes.elf:     file format elf32-littlearm


Disassembly of section .text:

00000000 <__resumes_start>:
   0:	ea00000a 	b	30 <_start>
   4:	4e4f4765 	cdpmi	7, 4, cr4, cr15, cr5, {3}
   8:	3054422e 	subscc	r4, r4, lr, lsr #4
   c:	5f0a6c39 	svcpl	0x000a6c39
  10:	00000400 	andeq	r0, r0, r0, lsl #8
  14:	00000030 	andeq	r0, r0, r0, lsr r0
  18:	30303131 	eorscc	r3, r0, r1, lsr r1
  1c:	30333231 	eorscc	r3, r3, r1, lsr r2
  20:	30333231 	eorscc	r3, r3, r1, lsr r2
  24:	30303131 	eorscc	r3, r0, r1, lsr r1
	...

00000030 <_start>:
  30:	e10f0000 	mrs	r0, CPSR
  34:	e3c0001f 	bic	r0, r0, #31
  38:	e3800013 	orr	r0, r0, #19
  3c:	e38000c0 	orr	r0, r0, #192	; 0xc0
  40:	e3c00c02 	bic	r0, r0, #512	; 0x200
  44:	e121f000 	msr	CPSR_c, r0
  48:	ee110f10 	mrc	15, 0, r0, cr1, cr0, {0}
  4c:	e3c00005 	bic	r0, r0, #5
  50:	e3c00b06 	bic	r0, r0, #6144	; 0x1800
  54:	e3c00002 	bic	r0, r0, #2
  58:	ee010f10 	mcr	15, 0, r0, cr1, cr0, {0}
  5c:	f57ff04f 	dsb	sy
  60:	f57ff06f 	isb	sy
  64:	e59f0068 	ldr	r0, [pc, #104]	; d4 <cpu_brom_addr+0x8>
  68:	e5901000 	ldr	r1, [r0]
  6c:	e3811902 	orr	r1, r1, #32768	; 0x8000
  70:	e5801000 	str	r1, [r0]
  74:	e5901000 	ldr	r1, [r0]
  78:	e1a02821 	lsr	r2, r1, #16
  7c:	e3a03d5a 	mov	r3, #5760	; 0x1680
  80:	e1520003 	cmp	r2, r3
  84:	0a000004 	beq	9c <config_80>

00000088 <config_50>:
  88:	e59f0048 	ldr	r0, [pc, #72]	; d8 <cpu_brom_addr+0xc>
  8c:	e5901000 	ldr	r1, [r0]
  90:	e3811b06 	orr	r1, r1, #6144	; 0x1800
  94:	e5801000 	str	r1, [r0]
  98:	ea000003 	b	ac <config_end>

0000009c <config_80>:
  9c:	e59f0034 	ldr	r0, [pc, #52]	; d8 <cpu_brom_addr+0xc>
  a0:	e5901000 	ldr	r1, [r0]
  a4:	e38110c0 	orr	r1, r1, #192	; 0xc0
  a8:	e5801000 	str	r1, [r0]

000000ac <config_end>:
  ac:	f57ff04f 	dsb	sy
  b0:	f57ff06f 	isb	sy
  b4:	e3a00000 	mov	r0, #0
  b8:	e5901000 	ldr	r1, [r0]
  bc:	f57ff05f 	dmb	sy
  c0:	e12fff11 	bx	r1
  c4:	eafffffe 	b	c4 <config_end+0x18>
  c8:	00000004 	andeq	r0, r0, r4

000000cc <cpu_brom_addr>:
	...
  d4:	01c00024 	biceq	r0, r0, r4, lsr #32
  d8:	01c00044 	biceq	r0, r0, r4, asr #32

Disassembly of section .debug_info:

00000000 <.debug_info>:
   0:	0000013c 	andeq	r0, r0, ip, lsr r1
   4:	00000002 	andeq	r0, r0, r2
   8:	01040000 	mrseq	r0, (UNDEF: 4)
   c:	0000001d 	andeq	r0, r0, sp, lsl r0
  10:	0000db01 	andeq	sp, r0, r1, lsl #22
  14:	00006100 	andeq	r6, r0, r0, lsl #2
  18:	00000000 	andeq	r0, r0, r0
  1c:	06010200 	streq	r0, [r1], -r0, lsl #4
  20:	000000cf 	andeq	r0, r0, pc, asr #1
  24:	00000603 	andeq	r0, r0, r3, lsl #12
  28:	2f270100 	svccs	0x00270100
  2c:	02000000 	andeq	r0, r0, #0
  30:	00cd0801 	sbceq	r0, sp, r1, lsl #16
  34:	02020000 	andeq	r0, r2, #0
  38:	00012e05 	andeq	r2, r1, r5, lsl #28
  3c:	07020200 	streq	r0, [r2, -r0, lsl #4]
  40:	00000112 	andeq	r0, r0, r2, lsl r1
  44:	69050404 	stmdbvs	r5, {r2, sl}
  48:	0300746e 	movweq	r7, #1134	; 0x46e
  4c:	00000000 	andeq	r0, r0, r0
  50:	00562b01 	subseq	r2, r6, r1, lsl #22
  54:	04020000 	streq	r0, [r2], #-0
  58:	00011807 	andeq	r1, r1, r7, lsl #16
  5c:	000b0500 	andeq	r0, fp, r0, lsl #10
  60:	01300000 	teqeq	r0, r0
  64:	0000f63e 	andeq	pc, r0, lr, lsr r6	; <UNPREDICTABLE>
  68:	00ae0600 	adceq	r0, lr, r0, lsl #12
  6c:	40010000 	andmi	r0, r1, r0
  70:	0000004b 	andeq	r0, r0, fp, asr #32
  74:	06002302 	streq	r2, [r0], -r2, lsl #6
  78:	000000a8 	andeq	r0, r0, r8, lsr #1
  7c:	00f64101 	rscseq	r4, r6, r1, lsl #2
  80:	23020000 	movwcs	r0, #8192	; 0x2000
  84:	01080604 	tsteq	r8, r4, lsl #12
  88:	42010000 	andmi	r0, r1, #0
  8c:	0000004b 	andeq	r0, r0, fp, asr #32
  90:	060c2302 	streq	r2, [ip], -r2, lsl #6
  94:	0000003f 	andeq	r0, r0, pc, lsr r0
  98:	004b4301 	subeq	r4, fp, r1, lsl #6
  9c:	23020000 	movwcs	r0, #8192	; 0x2000
  a0:	00bf0610 	adcseq	r0, pc, r0, lsl r6	; <UNPREDICTABLE>
  a4:	44010000 	strmi	r0, [r1], #-0
  a8:	0000004b 	andeq	r0, r0, fp, asr #32
  ac:	06142302 	ldreq	r2, [r4], -r2, lsl #6
  b0:	00000046 	andeq	r0, r0, r6, asr #32
  b4:	010d4501 	tsteq	sp, r1, lsl #10
  b8:	23020000 	movwcs	r0, #8192	; 0x2000
  bc:	00530618 	subseq	r0, r3, r8, lsl r6
  c0:	46010000 	strmi	r0, [r1], -r0
  c4:	0000010d 	andeq	r0, r0, sp, lsl #2
  c8:	061c2302 	ldreq	r2, [ip], -r2, lsl #6
  cc:	0000009d 	muleq	r0, sp, r0
  d0:	010d4701 	tsteq	sp, r1, lsl #14
  d4:	23020000 	movwcs	r0, #8192	; 0x2000
  d8:	00940620 	addseq	r0, r4, r0, lsr #12
  dc:	48010000 	stmdami	r1, {}	; <UNPREDICTABLE>
  e0:	0000010d 	andeq	r0, r0, sp, lsl #2
  e4:	06242302 	strteq	r2, [r4], -r2, lsl #6
  e8:	00000125 	andeq	r0, r0, r5, lsr #2
  ec:	00f64901 	rscseq	r4, r6, r1, lsl #18
  f0:	23020000 	movwcs	r0, #8192	; 0x2000
  f4:	24070028 	strcs	r0, [r7], #-40	; 0x28
  f8:	06000000 	streq	r0, [r0], -r0
  fc:	08000001 	stmdaeq	r0, {r0}
 100:	00000106 	andeq	r0, r0, r6, lsl #2
 104:	04020007 	streq	r0, [r2], #-7
 108:	00014407 	andeq	r4, r1, r7, lsl #8
 10c:	00240700 	eoreq	r0, r4, r0, lsl #14
 110:	011d0000 	tsteq	sp, r0
 114:	06080000 	streq	r0, [r8], -r0
 118:	03000001 	movweq	r0, #1
 11c:	014d0300 	mrseq	r0, (UNDEF: 125)
 120:	4a010000 	bmi	40128 <__bss_end+0x4004c>
 124:	0000005d 	andeq	r0, r0, sp, asr r0
 128:	00013809 	andeq	r3, r1, r9, lsl #16
 12c:	3a250200 	bcc	940934 <__bss_end+0x940858>
 130:	01000001 	tsteq	r0, r1
 134:	00000305 	andeq	r0, r0, r5, lsl #6
 138:	1d0a0000 	stcne	0, cr0, [sl, #-0]
 13c:	00000001 	andeq	r0, r0, r1
 140:	00000080 	andeq	r0, r0, r0, lsl #1
 144:	007b0002 	rsbseq	r0, fp, r2
 148:	01040000 	mrseq	r0, (UNDEF: 4)
 14c:	0000007b 	andeq	r0, r0, fp, ror r0
 150:	00000030 	andeq	r0, r0, r0, lsr r0
 154:	000000dc 	ldrdeq	r0, [r0], -ip
 158:	68637261 	stmdavs	r3!, {r0, r5, r6, r9, ip, sp, lr}^
 15c:	6d72612f 	ldfvse	f6, [r2, #-188]!	; 0xffffff44
 160:	63616d2f 	cmnvs	r1, #3008	; 0xbc0
 164:	75732d68 	ldrbvc	r2, [r3, #-3432]!	; 0xd68
 168:	2f69786e 	svccs	0x0069786e
 16c:	65776f70 	ldrbvs	r6, [r7, #-3952]!	; 0xf70
 170:	72622f72 	rsbvc	r2, r2, #456	; 0x1c8
 174:	722f6d6f 	eorvc	r6, pc, #7104	; 0x1bc0
 178:	6d757365 	ldclvs	3, cr7, [r5, #-404]!	; 0xfffffe6c
 17c:	532e7365 	teqpl	lr, #-1811939327	; 0x94000001
 180:	6f682f00 	svcvs	0x00682f00
 184:	752f656d 	strvc	r6, [pc, #-1389]!	; fffffc1f <__bss_end+0xfffffb43>
 188:	72626f62 	rsbvc	r6, r2, #392	; 0x188
 18c:	642f766f 	strtvs	r7, [pc], #-1647	; 194 <__bss_end+0xb8>
 190:	6c657665 	stclvs	6, cr7, [r5], #-404	; 0xfffffe6c
 194:	502f706f 	eorpl	r7, pc, pc, rrx
 198:	724f2f69 	subvc	r2, pc, #420	; 0x1a4
 19c:	65676e61 	strbvs	r6, [r7, #-3681]!	; 0xe61
 1a0:	4b2d4950 	blmi	b526e8 <__bss_end+0xb5260c>
 1a4:	656e7265 	strbvs	r7, [lr, #-613]!	; 0x265
 1a8:	696c2f6c 	stmdbvs	ip!, {r2, r3, r5, r6, r8, r9, sl, fp, sp}^
 1ac:	2d78756e 	cfldr64cs	mvdx7, [r8, #-440]!	; 0xfffffe48
 1b0:	00342e33 	eorseq	r2, r4, r3, lsr lr
 1b4:	20554e47 	subscs	r4, r5, r7, asr #28
 1b8:	32205341 	eorcc	r5, r0, #67108865	; 0x4000001
 1bc:	2e33322e 	cdpcs	2, 3, cr3, cr3, cr14, {1}
 1c0:	80010031 	andhi	r0, r1, r1, lsr r0

Disassembly of section .debug_abbrev:

00000000 <.debug_abbrev>:
   0:	25011101 	strcs	r1, [r1, #-257]	; 0x101
   4:	030b130e 	movweq	r1, #45838	; 0xb30e
   8:	100e1b0e 	andne	r1, lr, lr, lsl #22
   c:	02000006 	andeq	r0, r0, #6
  10:	0b0b0024 	bleq	2c00a8 <__bss_end+0x2bffcc>
  14:	0e030b3e 	vmoveq.16	d3[0], r0
  18:	16030000 	strne	r0, [r3], -r0
  1c:	3a0e0300 	bcc	380c24 <__bss_end+0x380b48>
  20:	490b3b0b 	stmdbmi	fp, {r0, r1, r3, r8, r9, fp, ip, sp}
  24:	04000013 	streq	r0, [r0], #-19
  28:	0b0b0024 	bleq	2c00c0 <__bss_end+0x2bffe4>
  2c:	08030b3e 	stmdaeq	r3, {r1, r2, r3, r4, r5, r8, r9, fp}
  30:	13050000 	movwne	r0, #20480	; 0x5000
  34:	0b0e0301 	bleq	380c40 <__bss_end+0x380b64>
  38:	3b0b3a0b 	blcc	2ce86c <__bss_end+0x2ce790>
  3c:	0013010b 	andseq	r0, r3, fp, lsl #2
  40:	000d0600 	andeq	r0, sp, r0, lsl #12
  44:	0b3a0e03 	bleq	e83858 <__bss_end+0xe8377c>
  48:	13490b3b 	movtne	r0, #39739	; 0x9b3b
  4c:	00000a38 	andeq	r0, r0, r8, lsr sl
  50:	49010107 	stmdbmi	r1, {r0, r1, r2, r8}
  54:	00130113 	andseq	r0, r3, r3, lsl r1
  58:	00210800 	eoreq	r0, r1, r0, lsl #16
  5c:	0b2f1349 	bleq	bc4d88 <__bss_end+0xbc4cac>
  60:	34090000 	strcc	r0, [r9], #-0
  64:	3a0e0300 	bcc	380c6c <__bss_end+0x380b90>
  68:	490b3b0b 	stmdbmi	fp, {r0, r1, r3, r8, r9, fp, ip, sp}
  6c:	020c3f13 	andeq	r3, ip, #19, 30	; 0x4c
  70:	0a00000a 	beq	a0 <config_80+0x4>
  74:	13490026 	movtne	r0, #36902	; 0x9026
  78:	01000000 	mrseq	r0, (UNDEF: 0)
  7c:	06100011 			; <UNDEFINED> instruction: 0x06100011
  80:	01120111 	tsteq	r2, r1, lsl r1
  84:	081b0803 	ldmdaeq	fp, {r0, r1, fp}
  88:	05130825 	ldreq	r0, [r3, #-2085]	; 0x825
  8c:	Address 0x0000008c is out of bounds.


Disassembly of section .debug_aranges:

00000000 <.debug_aranges>:
   0:	00000014 	andeq	r0, r0, r4, lsl r0
   4:	00000002 	andeq	r0, r0, r2
   8:	00040000 	andeq	r0, r4, r0
	...
  18:	0000001c 	andeq	r0, r0, ip, lsl r0
  1c:	01400002 	cmpeq	r0, r2
  20:	00040000 	andeq	r0, r4, r0
  24:	00000000 	andeq	r0, r0, r0
  28:	00000030 	andeq	r0, r0, r0, lsr r0
  2c:	000000ac 	andeq	r0, r0, ip, lsr #1
	...

Disassembly of section .debug_line:

00000000 <.debug_line>:
   0:	00000077 	andeq	r0, r0, r7, ror r0
   4:	00710002 	rsbseq	r0, r1, r2
   8:	01020000 	mrseq	r0, (UNDEF: 2)
   c:	000d0efb 	strdeq	r0, [sp], -fp
  10:	01010101 	tsteq	r1, r1, lsl #2
  14:	01000000 	mrseq	r0, (UNDEF: 0)
  18:	61010000 	mrsvs	r0, (UNDEF: 1)
  1c:	2f686372 	svccs	0x00686372
  20:	2f6d7261 	svccs	0x006d7261
  24:	6863616d 	stmdavs	r3!, {r0, r2, r3, r5, r6, r8, sp, lr}^
  28:	6e75732d 	cdpvs	3, 7, cr7, cr5, cr13, {1}
  2c:	702f6978 	eorvc	r6, pc, r8, ror r9	; <UNPREDICTABLE>
  30:	7265776f 	rsbvc	r7, r5, #29097984	; 0x1bc0000
  34:	6f72622f 	svcvs	0x0072622f
  38:	002e2f6d 	eoreq	r2, lr, sp, ror #30
  3c:	68637261 	stmdavs	r3!, {r0, r5, r6, r9, ip, sp, lr}^
  40:	6d72612f 	ldfvse	f6, [r2, #-188]!	; 0xffffff44
  44:	63616d2f 	cmnvs	r1, #3008	; 0xbc0
  48:	75732d68 	ldrbvc	r2, [r3, #-3432]!	; 0xd68
  4c:	2f69786e 	svccs	0x0069786e
  50:	65776f70 	ldrbvs	r6, [r7, #-3952]!	; 0xf70
  54:	72622f72 	rsbvc	r2, r2, #456	; 0x1c8
  58:	00006d6f 	andeq	r6, r0, pc, ror #26
  5c:	75736572 	ldrbvc	r6, [r3, #-1394]!	; 0x572
  60:	2e73656d 	cdpcs	5, 7, cr6, cr3, cr13, {3}
  64:	00010068 	andeq	r0, r1, r8, rrx
  68:	73657200 	cmnvc	r5, #0, 4
  6c:	5f656d75 	svcpl	0x00656d75
  70:	64616568 	strbtvs	r6, [r1], #-1384	; 0x568
  74:	0200632e 	andeq	r6, r0, #-1207959552	; 0xb8000000
  78:	86000000 	strhi	r0, [r0], -r0
  7c:	02000000 	andeq	r0, r0, #0
  80:	00003f00 	andeq	r3, r0, r0, lsl #30
  84:	fb010200 	blx	4088e <__bss_end+0x407b2>
  88:	01000d0e 	tsteq	r0, lr, lsl #26
  8c:	00010101 	andeq	r0, r1, r1, lsl #2
  90:	00010000 	andeq	r0, r1, r0
  94:	72610100 	rsbvc	r0, r1, #0, 2
  98:	612f6863 	teqvs	pc, r3, ror #16
  9c:	6d2f6d72 	stcvs	13, cr6, [pc, #-456]!	; fffffedc <__bss_end+0xfffffe00>
  a0:	2d686361 	stclcs	3, cr6, [r8, #-388]!	; 0xfffffe7c
  a4:	786e7573 	stmdavc	lr!, {r0, r1, r4, r5, r6, r8, sl, ip, sp, lr}^
  a8:	6f702f69 	svcvs	0x00702f69
  ac:	2f726577 	svccs	0x00726577
  b0:	6d6f7262 	sfmvs	f7, 2, [pc, #-392]!	; ffffff30 <__bss_end+0xfffffe54>
  b4:	65720000 	ldrbvs	r0, [r2, #-0]!
  b8:	656d7573 	strbvs	r7, [sp, #-1395]!	; 0x573
  bc:	00532e73 	subseq	r2, r3, r3, ror lr
  c0:	00000001 	andeq	r0, r0, r1
  c4:	30020500 	andcc	r0, r2, r0, lsl #10
  c8:	03000000 	movweq	r0, #0
  cc:	2f0100c9 	svccs	0x000100c9
  d0:	2f2f2f2f 	svccs	0x002f2f2f
  d4:	2f2f2f33 	svccs	0x002f2f33
  d8:	032f302f 	teqeq	pc, #47	; 0x2f
  dc:	302f2e21 	eorcc	r2, pc, r1, lsr #28
  e0:	2f2f302f 	svccs	0x002f302f
  e4:	2f322f2f 	svccs	0x00322f2f
  e8:	322f2f2f 	eorcc	r2, pc, #47, 30	; 0xbc
  ec:	032f2f2f 	teqeq	pc, #47, 30	; 0xbc
  f0:	032f2e0c 	teqeq	pc, #12, 28	; 0xc0
  f4:	2f2f2e0f 	svccs	0x002f2e0f
  f8:	4603302f 	strmi	r3, [r3], -pc, lsr #32
  fc:	2e0e0382 	cdpcs	3, 0, cr0, cr14, cr2, {4}
 100:	01000202 	tsteq	r0, r2, lsl #4
 104:	Address 0x00000104 is out of bounds.


Disassembly of section .debug_str:

00000000 <.debug_str>:
   0:	33755f5f 	cmncc	r5, #380	; 0x17c
   4:	5f5f0032 	svcpl	0x005f0032
   8:	5f003875 	svcpl	0x00003875
   c:	75736552 	ldrbvc	r6, [r3, #-1362]!	; 0x552
  10:	665f656d 	ldrbvs	r6, [pc], -sp, ror #10
  14:	5f656c69 	svcpl	0x00656c69
  18:	64616568 	strbtvs	r6, [r1], #-1384	; 0x568
  1c:	554e4700 	strbpl	r4, [lr, #-1792]	; 0x700
  20:	34204320 	strtcc	r4, [r0], #-800	; 0x320
  24:	332e372e 	teqcc	lr, #12058624	; 0xb80000
  28:	31303220 	teqcc	r0, r0, lsr #4
  2c:	32333033 	eorscc	r3, r3, #51	; 0x33
  30:	70282038 	eorvc	r2, r8, r8, lsr r0
  34:	65726572 	ldrbvs	r6, [r2, #-1394]!	; 0x572
  38:	7361656c 	cmnvc	r1, #108, 10	; 0x1b000000
  3c:	6c002965 	stcvs	9, cr2, [r0], {101}	; 0x65
  40:	74676e65 	strbtvc	r6, [r7], #-3685	; 0xe65
  44:	75700068 	ldrbvc	r0, [r0, #-104]!	; 0x68
  48:	65685f62 	strbvs	r5, [r8, #-3938]!	; 0xf62
  4c:	765f6461 	ldrbvc	r6, [pc], -r1, ror #8
  50:	66006e73 			; <UNDEFINED> instruction: 0x66006e73
  54:	5f656c69 	svcpl	0x00656c69
  58:	64616568 	strbtvs	r6, [r1], #-1384	; 0x568
  5c:	6e73765f 	mrcvs	6, 3, r7, cr3, cr15, {2}
  60:	6f682f00 	svcvs	0x00682f00
  64:	752f656d 	strvc	r6, [pc, #-1389]!	; fffffaff <__bss_end+0xfffffa23>
  68:	72626f62 	rsbvc	r6, r2, #392	; 0x188
  6c:	642f766f 	strtvs	r7, [pc], #-1647	; 74 <_start+0x44>
  70:	6c657665 	stclvs	6, cr7, [r5], #-404	; 0xfffffe6c
  74:	502f706f 	eorpl	r7, pc, pc, rrx
  78:	724f2f69 	subvc	r2, pc, #420	; 0x1a4
  7c:	65676e61 	strbvs	r6, [r7, #-3681]!	; 0xe61
  80:	4b2d4950 	blmi	b525c8 <__bss_end+0xb524ec>
  84:	656e7265 	strbvs	r7, [lr, #-613]!	; 0x265
  88:	696c2f6c 	stmdbvs	ip!, {r2, r3, r5, r6, r8, r9, sl, fp, sp}^
  8c:	2d78756e 	cfldr64cs	mvdx7, [r8, #-440]!	; 0xfffffe48
  90:	00342e33 	eorseq	r2, r4, r3, lsr lr
  94:	4e4f4765 	cdpmi	7, 4, cr4, cr15, cr5, {3}
  98:	6e73765f 	mrcvs	6, 3, r7, cr3, cr15, {2}
  9c:	73655200 	cmnvc	r5, #0, 4
  a0:	5f656d75 	svcpl	0x00656d75
  a4:	006e7376 	rsbeq	r7, lr, r6, ror r3
  a8:	6967616d 	stmdbvs	r7!, {r0, r2, r3, r5, r6, r8, sp, lr}^
  ac:	756a0063 	strbvc	r0, [sl, #-99]!	; 0x63
  b0:	695f706d 	ldmdbvs	pc, {r0, r2, r3, r5, r6, ip, sp, lr}^	; <UNPREDICTABLE>
  b4:	7274736e 	rsbsvc	r7, r4, #-1207959551	; 0xb8000001
  b8:	69746375 	ldmdbvs	r4!, {r0, r2, r4, r5, r6, r8, r9, sp, lr}^
  bc:	70006e6f 	andvc	r6, r0, pc, ror #28
  c0:	685f6275 	ldmdavs	pc, {r0, r2, r4, r5, r6, r9, sp, lr}^	; <UNPREDICTABLE>
  c4:	5f646165 	svcpl	0x00646165
  c8:	657a6973 	ldrbvs	r6, [sl, #-2419]!	; 0x973
  cc:	736e7500 	cmnvc	lr, #0, 10
  d0:	656e6769 	strbvs	r6, [lr, #-1897]!	; 0x769
  d4:	68632064 	stmdavs	r3!, {r2, r5, r6, sp}^
  d8:	61007261 	tstvs	r0, r1, ror #4
  dc:	2f686372 	svccs	0x00686372
  e0:	2f6d7261 	svccs	0x006d7261
  e4:	6863616d 	stmdavs	r3!, {r0, r2, r3, r5, r6, r8, sp, lr}^
  e8:	6e75732d 	cdpvs	3, 7, cr7, cr5, cr13, {1}
  ec:	702f6978 	eorvc	r6, pc, r8, ror r9	; <UNPREDICTABLE>
  f0:	7265776f 	rsbvc	r7, r5, #29097984	; 0x1bc0000
  f4:	6f72622f 	svcvs	0x0072622f
  f8:	65722f6d 	ldrbvs	r2, [r2, #-3949]!	; 0xf6d
  fc:	656d7573 	strbvs	r7, [sp, #-1395]!	; 0x573
 100:	6165685f 	cmnvs	r5, pc, asr r8
 104:	00632e64 	rsbeq	r2, r3, r4, ror #28
 108:	63656863 	cmnvs	r5, #6488064	; 0x630000
 10c:	75735f6b 	ldrbvc	r5, [r3, #-3947]!	; 0xf6b
 110:	6873006d 	ldmdavs	r3!, {r0, r2, r3, r5, r6}^
 114:	2074726f 	rsbscs	r7, r4, pc, ror #4
 118:	69736e75 	ldmdbvs	r3!, {r0, r2, r4, r5, r6, r9, sl, fp, sp, lr}^
 11c:	64656e67 	strbtvs	r6, [r5], #-3687	; 0xe67
 120:	746e6920 	strbtvc	r6, [lr], #-2336	; 0x920
 124:	616c7000 	cmnvs	ip, r0
 128:	726f6674 	rsbvc	r6, pc, #116, 12	; 0x7400000
 12c:	6873006d 	ldmdavs	r3!, {r0, r2, r3, r5, r6}^
 130:	2074726f 	rsbscs	r7, r4, pc, ror #4
 134:	00746e69 	rsbseq	r6, r4, r9, ror #28
 138:	75736572 	ldrbvc	r6, [r3, #-1394]!	; 0x572
 13c:	685f656d 	ldmdavs	pc, {r0, r2, r3, r5, r6, r8, sl, sp, lr}^	; <UNPREDICTABLE>
 140:	00646165 	rsbeq	r6, r4, r5, ror #2
 144:	657a6973 	ldrbvs	r6, [sl, #-2419]!	; 0x973
 148:	65707974 	ldrbvs	r7, [r0, #-2420]!	; 0x974
 14c:	73657200 	cmnvc	r5, #0, 4
 150:	5f656d75 	svcpl	0x00656d75
 154:	656c6966 	strbvs	r6, [ip, #-2406]!	; 0x966
 158:	6165685f 	cmnvs	r5, pc, asr r8
 15c:	00745f64 	rsbseq	r5, r4, r4, ror #30

Disassembly of section .comment:

00000000 <.comment>:
   0:	3a434347 	bcc	10d0d24 <__bss_end+0x10d0c48>
   4:	72632820 	rsbvc	r2, r3, #32, 16	; 0x200000
   8:	7473736f 	ldrbtvc	r7, [r3], #-879	; 0x36f
   c:	2d6c6f6f 	stclcs	15, cr6, [ip, #-444]!	; 0xfffffe44
  10:	6c20474e 	stcvs	7, cr4, [r0], #-312	; 0xfffffec8
  14:	72616e69 	rsbvc	r6, r1, #1680	; 0x690
  18:	2e312d6f 	cdpcs	13, 3, cr2, cr1, cr15, {3}
  1c:	312e3331 	teqcc	lr, r1, lsr r3
  20:	372e342d 	strcc	r3, [lr, -sp, lsr #8]!
  24:	3130322d 	teqcc	r0, sp, lsr #4
  28:	34302e33 	ldrtcc	r2, [r0], #-3635	; 0xe33
  2c:	3130322d 	teqcc	r0, sp, lsr #4
  30:	31343033 	teqcc	r4, r3, lsr r0
  34:	202d2035 	eorcs	r2, sp, r5, lsr r0
  38:	616e694c 	cmnvs	lr, ip, asr #18
  3c:	47206f72 			; <UNDEFINED> instruction: 0x47206f72
  40:	32204343 	eorcc	r4, r0, #201326593	; 0xc000001
  44:	2e333130 	mrccs	1, 1, r3, cr3, cr0, {1}
  48:	20293430 	eorcs	r3, r9, r0, lsr r4
  4c:	2e372e34 	mrccs	14, 1, r2, cr7, cr4, {1}
  50:	30322033 	eorscc	r2, r2, r3, lsr r0
  54:	33303331 	teqcc	r0, #-1006632960	; 0xc4000000
  58:	28203832 	stmdacs	r0!, {r1, r4, r5, fp, ip, sp}
  5c:	72657270 	rsbvc	r7, r5, #112, 4
  60:	61656c65 	cmnvs	r5, r5, ror #24
  64:	00296573 	eoreq	r6, r9, r3, ror r5

Disassembly of section .ARM.attributes:

00000000 <.ARM.attributes>:
   0:	00003241 	andeq	r3, r0, r1, asr #4
   4:	61656100 	cmnvs	r5, r0, lsl #2
   8:	01006962 	tsteq	r0, r2, ror #18
   c:	00000028 	andeq	r0, r0, r8, lsr #32
  10:	412d3705 	teqmi	sp, r5, lsl #14
  14:	070a0600 	streq	r0, [sl, -r0, lsl #12]
  18:	09010841 	stmdbeq	r1, {r0, r6, fp}
  1c:	12040a02 	andne	r0, r4, #8192	; 0x2000
  20:	15011404 	strne	r1, [r1, #-1028]	; 0x404
  24:	18031701 	stmdane	r3, {r0, r8, r9, sl, ip}
  28:	1b021a01 	blne	86834 <__bss_end+0x86758>
  2c:	1e011c03 	cdpne	12, 0, cr1, cr1, cr3, {0}
  30:	Address 0x00000030 is out of bounds.

